Exporting /Users/penninoa/Documents/VT/Data/MyData/Code/Water_Levels/Raw/Hobo/2020_05_20/WS3_200520/10032082.hobo to 10032082.csv
Exporting /Users/penninoa/Documents/VT/Data/MyData/Code/Water_Levels/Raw/Hobo/2020_05_20/WS3_200520/42_2_s1.hobo to 42_2_s1.csv
Exporting /Users/penninoa/Documents/VT/Data/MyData/Code/Water_Levels/Raw/Hobo/2020_05_20/WS3_200520/42_3_s1.hobo to 42_3_s1.csv
Exporting /Users/penninoa/Documents/VT/Data/MyData/Code/Water_Levels/Raw/Hobo/2020_05_20/WS3_200520/42_3_s2.hobo to 42_3_s2.csv
Exporting /Users/penninoa/Documents/VT/Data/MyData/Code/Water_Levels/Raw/Hobo/2020_05_20/WS3_200520/42_3_s3.hobo to 42_3_s3.csv
Exporting /Users/penninoa/Documents/VT/Data/MyData/Code/Water_Levels/Raw/Hobo/2020_05_20/WS3_200520/42_4_d1.hobo to 42_4_d1.csv
Exporting /Users/penninoa/Documents/VT/Data/MyData/Code/Water_Levels/Raw/Hobo/2020_05_20/WS3_200520/42_4_d2.hobo to 42_4_d2.csv
Exporting /Users/penninoa/Documents/VT/Data/MyData/Code/Water_Levels/Raw/Hobo/2020_05_20/WS3_200520/42_4_d3.hobo to 42_4_d3.csv
Exporting /Users/penninoa/Documents/VT/Data/MyData/Code/Water_Levels/Raw/Hobo/2020_05_20/WS3_200520/42_4_s1.hobo to 42_4_s1.csv
Exporting /Users/penninoa/Documents/VT/Data/MyData/Code/Water_Levels/Raw/Hobo/2020_05_20/WS3_200520/42_4_s2.hobo to 42_4_s2.csv
Exporting /Users/penninoa/Documents/VT/Data/MyData/Code/Water_Levels/Raw/Hobo/2020_05_20/WS3_200520/42_4_s3.hobo to 42_4_s3.csv
Exporting /Users/penninoa/Documents/VT/Data/MyData/Code/Water_Levels/Raw/Hobo/2020_05_20/WS3_200520/52.4.s2.hobo to 52.4.s2.csv
Exporting /Users/penninoa/Documents/VT/Data/MyData/Code/Water_Levels/Raw/Hobo/2020_05_20/WS3_200520/52_2_s1.hobo to 52_2_s1.csv
Exporting /Users/penninoa/Documents/VT/Data/MyData/Code/Water_Levels/Raw/Hobo/2020_05_20/WS3_200520/52_3_s1.hobo to 52_3_s1.csv
Exporting /Users/penninoa/Documents/VT/Data/MyData/Code/Water_Levels/Raw/Hobo/2020_05_20/WS3_200520/52_3_s3.hobo to 52_3_s3.csv
Exporting /Users/penninoa/Documents/VT/Data/MyData/Code/Water_Levels/Raw/Hobo/2020_05_20/WS3_200520/52_4_d1.hobo to 52_4_d1.csv
Exporting /Users/penninoa/Documents/VT/Data/MyData/Code/Water_Levels/Raw/Hobo/2020_05_20/WS3_200520/52_4_d2.hobo to 52_4_d2.csv
Exporting /Users/penninoa/Documents/VT/Data/MyData/Code/Water_Levels/Raw/Hobo/2020_05_20/WS3_200520/52_4_d3.hobo to 52_4_d3.csv
Exporting /Users/penninoa/Documents/VT/Data/MyData/Code/Water_Levels/Raw/Hobo/2020_05_20/WS3_200520/52_4_s1.hobo to 52_4_s1.csv
Exporting /Users/penninoa/Documents/VT/Data/MyData/Code/Water_Levels/Raw/Hobo/2020_05_20/WS3_200520/52_4_s3.hobo to 52_4_s3.csv
Exporting /Users/penninoa/Documents/VT/Data/MyData/Code/Water_Levels/Raw/Hobo/2020_05_20/WS3_200520/86.3.s2.hobo to 86.3.s2.csv
Exporting /Users/penninoa/Documents/VT/Data/MyData/Code/Water_Levels/Raw/Hobo/2020_05_20/WS3_200520/86_2_s1.hobo to 86_2_s1.csv
Exporting /Users/penninoa/Documents/VT/Data/MyData/Code/Water_Levels/Raw/Hobo/2020_05_20/WS3_200520/86_3_s1.hobo to 86_3_s1.csv
Exporting /Users/penninoa/Documents/VT/Data/MyData/Code/Water_Levels/Raw/Hobo/2020_05_20/WS3_200520/86_3_s3.hobo to 86_3_s3.csv
Exporting /Users/penninoa/Documents/VT/Data/MyData/Code/Water_Levels/Raw/Hobo/2020_05_20/WS3_200520/86_4_s1.hobo to 86_4_s1.csv
Exporting /Users/penninoa/Documents/VT/Data/MyData/Code/Water_Levels/Raw/Hobo/2020_05_20/WS3_200520/86_4_s2.hobo to 86_4_s2.csv
Exporting /Users/penninoa/Documents/VT/Data/MyData/Code/Water_Levels/Raw/Hobo/2020_05_20/WS3_200520/86_4_s3.hobo to 86_4_s3.csv
Exporting /Users/penninoa/Documents/VT/Data/MyData/Code/Water_Levels/Raw/Hobo/2020_05_20/WS3_200520/Barometric.hobo to Barometric.csv
