Exporting /Users/penninoa/Documents/VT/Data/MyData/Code/Water_Levels/Raw/Hobo/2020_01_28/10032082.hobo to 10032082.csv
Exporting /Users/penninoa/Documents/VT/Data/MyData/Code/Water_Levels/Raw/Hobo/2020_01_28/42_2_s1.hobo to 42_2_s1.csv
Exporting /Users/penninoa/Documents/VT/Data/MyData/Code/Water_Levels/Raw/Hobo/2020_01_28/42_3_s1.hobo to 42_3_s1.csv
Exporting /Users/penninoa/Documents/VT/Data/MyData/Code/Water_Levels/Raw/Hobo/2020_01_28/42_3_s2.hobo to 42_3_s2.csv
Exporting /Users/penninoa/Documents/VT/Data/MyData/Code/Water_Levels/Raw/Hobo/2020_01_28/42_3_s3.hobo to 42_3_s3.csv
Exporting /Users/penninoa/Documents/VT/Data/MyData/Code/Water_Levels/Raw/Hobo/2020_01_28/42_4_d1.hobo to 42_4_d1.csv
Exporting /Users/penninoa/Documents/VT/Data/MyData/Code/Water_Levels/Raw/Hobo/2020_01_28/42_4_d2.hobo to 42_4_d2.csv
Exporting /Users/penninoa/Documents/VT/Data/MyData/Code/Water_Levels/Raw/Hobo/2020_01_28/42_4_d3.hobo to 42_4_d3.csv
Exporting /Users/penninoa/Documents/VT/Data/MyData/Code/Water_Levels/Raw/Hobo/2020_01_28/42_4_s1.hobo to 42_4_s1.csv
Exporting /Users/penninoa/Documents/VT/Data/MyData/Code/Water_Levels/Raw/Hobo/2020_01_28/42_4_s2.hobo to 42_4_s2.csv
Exporting /Users/penninoa/Documents/VT/Data/MyData/Code/Water_Levels/Raw/Hobo/2020_01_28/42_4_s3.hobo to 42_4_s3.csv
Exporting /Users/penninoa/Documents/VT/Data/MyData/Code/Water_Levels/Raw/Hobo/2020_01_28/52_2_s1.hobo to 52_2_s1.csv
Exporting /Users/penninoa/Documents/VT/Data/MyData/Code/Water_Levels/Raw/Hobo/2020_01_28/52_3_s1.hobo to 52_3_s1.csv
Exporting /Users/penninoa/Documents/VT/Data/MyData/Code/Water_Levels/Raw/Hobo/2020_01_28/52_3_s2.hobo to 52_3_s2.csv
Exporting /Users/penninoa/Documents/VT/Data/MyData/Code/Water_Levels/Raw/Hobo/2020_01_28/52_3_s3.hobo to 52_3_s3.csv
Exporting /Users/penninoa/Documents/VT/Data/MyData/Code/Water_Levels/Raw/Hobo/2020_01_28/52_4_d1.hobo to 52_4_d1.csv
Exporting /Users/penninoa/Documents/VT/Data/MyData/Code/Water_Levels/Raw/Hobo/2020_01_28/52_4_d2.hobo to 52_4_d2.csv
Exporting /Users/penninoa/Documents/VT/Data/MyData/Code/Water_Levels/Raw/Hobo/2020_01_28/52_4_d3.hobo to 52_4_d3.csv
Exporting /Users/penninoa/Documents/VT/Data/MyData/Code/Water_Levels/Raw/Hobo/2020_01_28/52_4_s1.hobo to 52_4_s1.csv
Exporting /Users/penninoa/Documents/VT/Data/MyData/Code/Water_Levels/Raw/Hobo/2020_01_28/52_4_s2.hobo to 52_4_s2.csv
Exporting /Users/penninoa/Documents/VT/Data/MyData/Code/Water_Levels/Raw/Hobo/2020_01_28/52_4_s3.hobo to 52_4_s3.csv
Exporting /Users/penninoa/Documents/VT/Data/MyData/Code/Water_Levels/Raw/Hobo/2020_01_28/86_2_s1.hobo to 86_2_s1.csv
Exporting /Users/penninoa/Documents/VT/Data/MyData/Code/Water_Levels/Raw/Hobo/2020_01_28/86_3_s1.hobo to 86_3_s1.csv
Exporting /Users/penninoa/Documents/VT/Data/MyData/Code/Water_Levels/Raw/Hobo/2020_01_28/86_3_s2.hobo to 86_3_s2.csv
Exporting /Users/penninoa/Documents/VT/Data/MyData/Code/Water_Levels/Raw/Hobo/2020_01_28/86_3_s3.hobo to 86_3_s3.csv
Exporting /Users/penninoa/Documents/VT/Data/MyData/Code/Water_Levels/Raw/Hobo/2020_01_28/86_4_s1.hobo to 86_4_s1.csv
Exporting /Users/penninoa/Documents/VT/Data/MyData/Code/Water_Levels/Raw/Hobo/2020_01_28/86_4_s2.hobo to 86_4_s2.csv
Exporting /Users/penninoa/Documents/VT/Data/MyData/Code/Water_Levels/Raw/Hobo/2020_01_28/86_4_s3.hobo to 86_4_s3.csv
Exporting /Users/penninoa/Documents/VT/Data/MyData/Code/Water_Levels/Raw/Hobo/2020_01_28/Barometric.hobo to Barometric.csv
Exporting /Users/penninoa/Documents/VT/Data/MyData/Code/Water_Levels/Raw/Hobo/2020_01_28/Barometric86d1.hobo to Barometric86d1.csv
