Exporting /Users/penninoa/Documents/VT/Data/MyData/Code/Water_Levels/Raw/Hobo/2020_August/42_2_s1_200627.hobo to 42_2_s1_200627.csv
Exporting /Users/penninoa/Documents/VT/Data/MyData/Code/Water_Levels/Raw/Hobo/2020_August/42_3_s1_200627.hobo to 42_3_s1_200627.csv
Exporting /Users/penninoa/Documents/VT/Data/MyData/Code/Water_Levels/Raw/Hobo/2020_August/42_3_s2_200627.hobo to 42_3_s2_200627.csv
Exporting /Users/penninoa/Documents/VT/Data/MyData/Code/Water_Levels/Raw/Hobo/2020_August/42_3_s3_200813.hobo to 42_3_s3_200813.csv
Exporting /Users/penninoa/Documents/VT/Data/MyData/Code/Water_Levels/Raw/Hobo/2020_August/42_4_d1_200627.hobo to 42_4_d1_200627.csv
Exporting /Users/penninoa/Documents/VT/Data/MyData/Code/Water_Levels/Raw/Hobo/2020_August/42_4_d2_200627.hobo to 42_4_d2_200627.csv
Exporting /Users/penninoa/Documents/VT/Data/MyData/Code/Water_Levels/Raw/Hobo/2020_August/42_4_d3_200627.hobo to 42_4_d3_200627.csv
Exporting /Users/penninoa/Documents/VT/Data/MyData/Code/Water_Levels/Raw/Hobo/2020_August/42_4_s1_200628.hobo to 42_4_s1_200628.csv
Exporting /Users/penninoa/Documents/VT/Data/MyData/Code/Water_Levels/Raw/Hobo/2020_August/42_4_s2_200628.hobo to 42_4_s2_200628.csv
Exporting /Users/penninoa/Documents/VT/Data/MyData/Code/Water_Levels/Raw/Hobo/2020_August/42_4_s3_200627.hobo to 42_4_s3_200627.csv
Exporting /Users/penninoa/Documents/VT/Data/MyData/Code/Water_Levels/Raw/Hobo/2020_August/52_2_s1_200627.hobo to 52_2_s1_200627.csv
Exporting /Users/penninoa/Documents/VT/Data/MyData/Code/Water_Levels/Raw/Hobo/2020_August/52_3_s1_200628.hobo to 52_3_s1_200628.csv
Exporting /Users/penninoa/Documents/VT/Data/MyData/Code/Water_Levels/Raw/Hobo/2020_August/52_3_s2_200813.hobo to 52_3_s2_200813.csv
Exporting /Users/penninoa/Documents/VT/Data/MyData/Code/Water_Levels/Raw/Hobo/2020_August/52_3_s3_200628.hobo to 52_3_s3_200628.csv
Exporting /Users/penninoa/Documents/VT/Data/MyData/Code/Water_Levels/Raw/Hobo/2020_August/52_4_d1_200627.hobo to 52_4_d1_200627.csv
Exporting /Users/penninoa/Documents/VT/Data/MyData/Code/Water_Levels/Raw/Hobo/2020_August/52_4_d2_200627.hobo to 52_4_d2_200627.csv
Exporting /Users/penninoa/Documents/VT/Data/MyData/Code/Water_Levels/Raw/Hobo/2020_August/52_4_d3_200627.hobo to 52_4_d3_200627.csv
Exporting /Users/penninoa/Documents/VT/Data/MyData/Code/Water_Levels/Raw/Hobo/2020_August/52_4_s1_200628.hobo to 52_4_s1_200628.csv
Exporting /Users/penninoa/Documents/VT/Data/MyData/Code/Water_Levels/Raw/Hobo/2020_August/52_4_s2_200627.hobo to 52_4_s2_200627.csv
Exporting /Users/penninoa/Documents/VT/Data/MyData/Code/Water_Levels/Raw/Hobo/2020_August/52_4_s3_200627.hobo to 52_4_s3_200627.csv
Exporting /Users/penninoa/Documents/VT/Data/MyData/Code/Water_Levels/Raw/Hobo/2020_August/86_2_s1_200811.hobo to 86_2_s1_200811.csv
Exporting /Users/penninoa/Documents/VT/Data/MyData/Code/Water_Levels/Raw/Hobo/2020_August/86_3_d2_200628.hobo to 86_3_d2_200628.csv
Exporting /Users/penninoa/Documents/VT/Data/MyData/Code/Water_Levels/Raw/Hobo/2020_August/86_3_s1_200626.hobo to 86_3_s1_200626.csv
Exporting /Users/penninoa/Documents/VT/Data/MyData/Code/Water_Levels/Raw/Hobo/2020_August/86_3_s2_200811.hobo to 86_3_s2_200811.csv
Exporting /Users/penninoa/Documents/VT/Data/MyData/Code/Water_Levels/Raw/Hobo/2020_August/86_3_s3_200811.hobo to 86_3_s3_200811.csv
Exporting /Users/penninoa/Documents/VT/Data/MyData/Code/Water_Levels/Raw/Hobo/2020_August/86_4_s1_200626.hobo to 86_4_s1_200626.csv
Exporting /Users/penninoa/Documents/VT/Data/MyData/Code/Water_Levels/Raw/Hobo/2020_August/86_4_s2_200626.hobo to 86_4_s2_200626.csv
Exporting /Users/penninoa/Documents/VT/Data/MyData/Code/Water_Levels/Raw/Hobo/2020_August/86_4_s3_200811.hobo to 86_4_s3_200811.csv
Exporting /Users/penninoa/Documents/VT/Data/MyData/Code/Water_Levels/Raw/Hobo/2020_August/Barometric_200627.hobo to Barometric_200627.csv
Exporting /Users/penninoa/Documents/VT/Data/MyData/Code/Water_Levels/Raw/Hobo/2020_August/ForceOffload_86_4_s2.hobo failed, error =Invalid header prefix detected in logger header, prefix data is 48ffffffff42ffffffff
Exporting /Users/penninoa/Documents/VT/Data/MyData/Code/Water_Levels/Raw/Hobo/2020_August/test.hobo to test.csv
Exporting /Users/penninoa/Documents/VT/Data/MyData/Code/Water_Levels/Raw/Hobo/2020_August/test2.hobo to test2.csv
